DEBUG:2021-06-30 08:29:53,704:users list loaded to cache: {'ByteDevil': 'Nick Levin', 'Sintixi': 'Daniel Shatz'}
DEBUG:2021-06-30 08:29:53,704:secret loaded to cache: 1805290445:AAHFP-k3E9NYKqK1X4rJQSmcLkjjsao-mVQ
DEBUG:2021-06-30 08:29:53,705:Starting new HTTPS connection (1): api.telegram.org:443
DEBUG:2021-06-30 08:30:14,028:https://api.telegram.org:443 "GET /bot1805290445:AAHFP-k3E9NYKqK1X4rJQSmcLkjjsao-mVQ/getUpdates?offset=1&timeout=20 HTTP/1.1" 200 23
DEBUG:2021-06-30 08:30:34,098:https://api.telegram.org:443 "GET /bot1805290445:AAHFP-k3E9NYKqK1X4rJQSmcLkjjsao-mVQ/getUpdates?offset=1&timeout=20 HTTP/1.1" 200 23
DEBUG:2021-06-30 08:30:54,166:https://api.telegram.org:443 "GET /bot1805290445:AAHFP-k3E9NYKqK1X4rJQSmcLkjjsao-mVQ/getUpdates?offset=1&timeout=20 HTTP/1.1" 200 23
DEBUG:2021-06-30 08:31:14,236:https://api.telegram.org:443 "GET /bot1805290445:AAHFP-k3E9NYKqK1X4rJQSmcLkjjsao-mVQ/getUpdates?offset=1&timeout=20 HTTP/1.1" 200 23
DEBUG:2021-06-30 08:31:34,304:https://api.telegram.org:443 "GET /bot1805290445:AAHFP-k3E9NYKqK1X4rJQSmcLkjjsao-mVQ/getUpdates?offset=1&timeout=20 HTTP/1.1" 200 23
DEBUG:2021-06-30 08:31:54,372:https://api.telegram.org:443 "GET /bot1805290445:AAHFP-k3E9NYKqK1X4rJQSmcLkjjsao-mVQ/getUpdates?offset=1&timeout=20 HTTP/1.1" 200 23
DEBUG:2021-06-30 08:32:14,441:https://api.telegram.org:443 "GET /bot1805290445:AAHFP-k3E9NYKqK1X4rJQSmcLkjjsao-mVQ/getUpdates?offset=1&timeout=20 HTTP/1.1" 200 23
DEBUG:2021-06-30 08:32:34,509:https://api.telegram.org:443 "GET /bot1805290445:AAHFP-k3E9NYKqK1X4rJQSmcLkjjsao-mVQ/getUpdates?offset=1&timeout=20 HTTP/1.1" 200 23
DEBUG:2021-06-30 08:32:54,577:https://api.telegram.org:443 "GET /bot1805290445:AAHFP-k3E9NYKqK1X4rJQSmcLkjjsao-mVQ/getUpdates?offset=1&timeout=20 HTTP/1.1" 200 23
DEBUG:2021-06-30 08:32:55,764:https://api.telegram.org:443 "GET /bot1805290445:AAHFP-k3E9NYKqK1X4rJQSmcLkjjsao-mVQ/getUpdates?offset=1&timeout=20 HTTP/1.1" 200 303
DEBUG:2021-06-30 08:32:55,770:User: ByteDevil entered time 11:00:00
DEBUG:2021-06-30 08:32:55,770:Converted retries value: 3 -> Retry(total=3, connect=None, read=None, redirect=None, status=None)
DEBUG:2021-06-30 08:32:55,771:Making request: POST https://oauth2.googleapis.com/token
DEBUG:2021-06-30 08:32:55,771:Starting new HTTPS connection (1): oauth2.googleapis.com:443
DEBUG:2021-06-30 08:32:56,008:https://oauth2.googleapis.com:443 "POST /token HTTP/1.1" 200 None
DEBUG:2021-06-30 08:32:56,013:Starting new HTTPS connection (1): sheets.googleapis.com:443
DEBUG:2021-06-30 08:32:56,704:https://sheets.googleapis.com:443 "GET /v4/spreadsheets/19fDDq9QyoN9aM-LnyCN7dbMynuD7yjMrvTSoizU_VZE?includeGridData=false HTTP/1.1" 200 None
DEBUG:2021-06-30 08:32:57,036:https://sheets.googleapis.com:443 "GET /v4/spreadsheets/19fDDq9QyoN9aM-LnyCN7dbMynuD7yjMrvTSoizU_VZE/values/%27June%27?valueRenderOption=FORMATTED_VALUE HTTP/1.1" 200 None
DEBUG:2021-06-30 08:32:57,366:https://sheets.googleapis.com:443 "PUT /v4/spreadsheets/19fDDq9QyoN9aM-LnyCN7dbMynuD7yjMrvTSoizU_VZE/values/%27June%27%21E35?valueInputOption=USER_ENTERED HTTP/1.1" 200 None
DEBUG:2021-06-30 08:32:57,371:Starting new HTTPS connection (1): api.telegram.org:443
DEBUG:2021-06-30 08:32:57,599:https://api.telegram.org:443 "POST /bot1805290445:AAHFP-k3E9NYKqK1X4rJQSmcLkjjsao-mVQ/sendMessage?chat_id=324439953&text=time+updated HTTP/1.1" 200 251
INFO:2021-06-30 08:32:57,599:time updated for user ByteDevil
DEBUG:2021-06-30 08:33:13,859:https://api.telegram.org:443 "GET /bot1805290445:AAHFP-k3E9NYKqK1X4rJQSmcLkjjsao-mVQ/getUpdates?offset=816444389&timeout=20 HTTP/1.1" 200 302
DEBUG:2021-06-30 08:33:13,860:User: ByteDevil entered time 6:00:00
DEBUG:2021-06-30 08:33:13,867:Converted retries value: 3 -> Retry(total=3, connect=None, read=None, redirect=None, status=None)
DEBUG:2021-06-30 08:33:13,873:Making request: POST https://oauth2.googleapis.com/token
DEBUG:2021-06-30 08:33:13,874:Starting new HTTPS connection (1): oauth2.googleapis.com:443
DEBUG:2021-06-30 08:33:14,084:https://oauth2.googleapis.com:443 "POST /token HTTP/1.1" 200 None
DEBUG:2021-06-30 08:33:14,089:Starting new HTTPS connection (1): sheets.googleapis.com:443
DEBUG:2021-06-30 08:33:14,628:https://sheets.googleapis.com:443 "GET /v4/spreadsheets/19fDDq9QyoN9aM-LnyCN7dbMynuD7yjMrvTSoizU_VZE?includeGridData=false HTTP/1.1" 200 None
DEBUG:2021-06-30 08:33:15,020:https://sheets.googleapis.com:443 "GET /v4/spreadsheets/19fDDq9QyoN9aM-LnyCN7dbMynuD7yjMrvTSoizU_VZE/values/%27June%27?valueRenderOption=FORMATTED_VALUE HTTP/1.1" 200 None
DEBUG:2021-06-30 08:33:15,369:https://sheets.googleapis.com:443 "PUT /v4/spreadsheets/19fDDq9QyoN9aM-LnyCN7dbMynuD7yjMrvTSoizU_VZE/values/%27June%27%21E35?valueInputOption=USER_ENTERED HTTP/1.1" 200 None
DEBUG:2021-06-30 08:33:15,465:https://api.telegram.org:443 "POST /bot1805290445:AAHFP-k3E9NYKqK1X4rJQSmcLkjjsao-mVQ/sendMessage?chat_id=324439953&text=time+updated HTTP/1.1" 200 251
INFO:2021-06-30 08:33:15,466:time updated for user ByteDevil
DEBUG:2021-06-30 08:33:33,929:https://api.telegram.org:443 "GET /bot1805290445:AAHFP-k3E9NYKqK1X4rJQSmcLkjjsao-mVQ/getUpdates?offset=816444390&timeout=20 HTTP/1.1" 200 23
DEBUG:2021-06-30 08:33:53,998:https://api.telegram.org:443 "GET /bot1805290445:AAHFP-k3E9NYKqK1X4rJQSmcLkjjsao-mVQ/getUpdates?offset=816444390&timeout=20 HTTP/1.1" 200 23
DEBUG:2021-06-30 08:34:14,065:https://api.telegram.org:443 "GET /bot1805290445:AAHFP-k3E9NYKqK1X4rJQSmcLkjjsao-mVQ/getUpdates?offset=816444390&timeout=20 HTTP/1.1" 200 23
DEBUG:2021-06-30 08:34:34,133:https://api.telegram.org:443 "GET /bot1805290445:AAHFP-k3E9NYKqK1X4rJQSmcLkjjsao-mVQ/getUpdates?offset=816444390&timeout=20 HTTP/1.1" 200 23
DEBUG:2021-06-30 08:34:54,201:https://api.telegram.org:443 "GET /bot1805290445:AAHFP-k3E9NYKqK1X4rJQSmcLkjjsao-mVQ/getUpdates?offset=816444390&timeout=20 HTTP/1.1" 200 23
DEBUG:2021-06-30 08:35:14,269:https://api.telegram.org:443 "GET /bot1805290445:AAHFP-k3E9NYKqK1X4rJQSmcLkjjsao-mVQ/getUpdates?offset=816444390&timeout=20 HTTP/1.1" 200 23
DEBUG:2021-06-30 08:35:34,337:https://api.telegram.org:443 "GET /bot1805290445:AAHFP-k3E9NYKqK1X4rJQSmcLkjjsao-mVQ/getUpdates?offset=816444390&timeout=20 HTTP/1.1" 200 23
DEBUG:2021-06-30 08:35:54,405:https://api.telegram.org:443 "GET /bot1805290445:AAHFP-k3E9NYKqK1X4rJQSmcLkjjsao-mVQ/getUpdates?offset=816444390&timeout=20 HTTP/1.1" 200 23
DEBUG:2021-06-30 08:36:14,473:https://api.telegram.org:443 "GET /bot1805290445:AAHFP-k3E9NYKqK1X4rJQSmcLkjjsao-mVQ/getUpdates?offset=816444390&timeout=20 HTTP/1.1" 200 23
DEBUG:2021-06-30 08:36:34,541:https://api.telegram.org:443 "GET /bot1805290445:AAHFP-k3E9NYKqK1X4rJQSmcLkjjsao-mVQ/getUpdates?offset=816444390&timeout=20 HTTP/1.1" 200 23
DEBUG:2021-06-30 08:36:54,609:https://api.telegram.org:443 "GET /bot1805290445:AAHFP-k3E9NYKqK1X4rJQSmcLkjjsao-mVQ/getUpdates?offset=816444390&timeout=20 HTTP/1.1" 200 23
DEBUG:2021-06-30 08:37:14,676:https://api.telegram.org:443 "GET /bot1805290445:AAHFP-k3E9NYKqK1X4rJQSmcLkjjsao-mVQ/getUpdates?offset=816444390&timeout=20 HTTP/1.1" 200 23
DEBUG:2021-06-30 08:37:34,745:https://api.telegram.org:443 "GET /bot1805290445:AAHFP-k3E9NYKqK1X4rJQSmcLkjjsao-mVQ/getUpdates?offset=816444390&timeout=20 HTTP/1.1" 200 23
DEBUG:2021-06-30 08:37:54,818:https://api.telegram.org:443 "GET /bot1805290445:AAHFP-k3E9NYKqK1X4rJQSmcLkjjsao-mVQ/getUpdates?offset=816444390&timeout=20 HTTP/1.1" 200 23
DEBUG:2021-06-30 08:38:14,886:https://api.telegram.org:443 "GET /bot1805290445:AAHFP-k3E9NYKqK1X4rJQSmcLkjjsao-mVQ/getUpdates?offset=816444390&timeout=20 HTTP/1.1" 200 23
DEBUG:2021-06-30 08:38:34,953:https://api.telegram.org:443 "GET /bot1805290445:AAHFP-k3E9NYKqK1X4rJQSmcLkjjsao-mVQ/getUpdates?offset=816444390&timeout=20 HTTP/1.1" 200 23
DEBUG:2021-06-30 08:38:55,025:https://api.telegram.org:443 "GET /bot1805290445:AAHFP-k3E9NYKqK1X4rJQSmcLkjjsao-mVQ/getUpdates?offset=816444390&timeout=20 HTTP/1.1" 200 23
DEBUG:2021-06-30 08:39:15,093:https://api.telegram.org:443 "GET /bot1805290445:AAHFP-k3E9NYKqK1X4rJQSmcLkjjsao-mVQ/getUpdates?offset=816444390&timeout=20 HTTP/1.1" 200 23
DEBUG:2021-06-30 08:39:35,161:https://api.telegram.org:443 "GET /bot1805290445:AAHFP-k3E9NYKqK1X4rJQSmcLkjjsao-mVQ/getUpdates?offset=816444390&timeout=20 HTTP/1.1" 200 23
DEBUG:2021-06-30 08:39:55,229:https://api.telegram.org:443 "GET /bot1805290445:AAHFP-k3E9NYKqK1X4rJQSmcLkjjsao-mVQ/getUpdates?offset=816444390&timeout=20 HTTP/1.1" 200 23
DEBUG:2021-06-30 08:40:15,297:https://api.telegram.org:443 "GET /bot1805290445:AAHFP-k3E9NYKqK1X4rJQSmcLkjjsao-mVQ/getUpdates?offset=816444390&timeout=20 HTTP/1.1" 200 23
DEBUG:2021-06-30 08:40:35,367:https://api.telegram.org:443 "GET /bot1805290445:AAHFP-k3E9NYKqK1X4rJQSmcLkjjsao-mVQ/getUpdates?offset=816444390&timeout=20 HTTP/1.1" 200 23
DEBUG:2021-06-30 08:40:55,437:https://api.telegram.org:443 "GET /bot1805290445:AAHFP-k3E9NYKqK1X4rJQSmcLkjjsao-mVQ/getUpdates?offset=816444390&timeout=20 HTTP/1.1" 200 23
DEBUG:2021-06-30 08:41:15,506:https://api.telegram.org:443 "GET /bot1805290445:AAHFP-k3E9NYKqK1X4rJQSmcLkjjsao-mVQ/getUpdates?offset=816444390&timeout=20 HTTP/1.1" 200 23
DEBUG:2021-06-30 08:41:35,574:https://api.telegram.org:443 "GET /bot1805290445:AAHFP-k3E9NYKqK1X4rJQSmcLkjjsao-mVQ/getUpdates?offset=816444390&timeout=20 HTTP/1.1" 200 23
DEBUG:2021-06-30 08:41:55,641:https://api.telegram.org:443 "GET /bot1805290445:AAHFP-k3E9NYKqK1X4rJQSmcLkjjsao-mVQ/getUpdates?offset=816444390&timeout=20 HTTP/1.1" 200 23
DEBUG:2021-06-30 08:42:15,710:https://api.telegram.org:443 "GET /bot1805290445:AAHFP-k3E9NYKqK1X4rJQSmcLkjjsao-mVQ/getUpdates?offset=816444390&timeout=20 HTTP/1.1" 200 23
DEBUG:2021-06-30 08:42:35,779:https://api.telegram.org:443 "GET /bot1805290445:AAHFP-k3E9NYKqK1X4rJQSmcLkjjsao-mVQ/getUpdates?offset=816444390&timeout=20 HTTP/1.1" 200 23
DEBUG:2021-06-30 08:42:55,847:https://api.telegram.org:443 "GET /bot1805290445:AAHFP-k3E9NYKqK1X4rJQSmcLkjjsao-mVQ/getUpdates?offset=816444390&timeout=20 HTTP/1.1" 200 23
DEBUG:2021-06-30 08:43:15,914:https://api.telegram.org:443 "GET /bot1805290445:AAHFP-k3E9NYKqK1X4rJQSmcLkjjsao-mVQ/getUpdates?offset=816444390&timeout=20 HTTP/1.1" 200 23
DEBUG:2021-06-30 08:43:35,982:https://api.telegram.org:443 "GET /bot1805290445:AAHFP-k3E9NYKqK1X4rJQSmcLkjjsao-mVQ/getUpdates?offset=816444390&timeout=20 HTTP/1.1" 200 23
DEBUG:2021-06-30 08:43:56,050:https://api.telegram.org:443 "GET /bot1805290445:AAHFP-k3E9NYKqK1X4rJQSmcLkjjsao-mVQ/getUpdates?offset=816444390&timeout=20 HTTP/1.1" 200 23
DEBUG:2021-06-30 08:44:16,118:https://api.telegram.org:443 "GET /bot1805290445:AAHFP-k3E9NYKqK1X4rJQSmcLkjjsao-mVQ/getUpdates?offset=816444390&timeout=20 HTTP/1.1" 200 23
DEBUG:2021-06-30 08:44:36,187:https://api.telegram.org:443 "GET /bot1805290445:AAHFP-k3E9NYKqK1X4rJQSmcLkjjsao-mVQ/getUpdates?offset=816444390&timeout=20 HTTP/1.1" 200 23
DEBUG:2021-06-30 08:44:37,615:https://api.telegram.org:443 "GET /bot1805290445:AAHFP-k3E9NYKqK1X4rJQSmcLkjjsao-mVQ/getUpdates?offset=816444390&timeout=20 HTTP/1.1" 200 367
DEBUG:2021-06-30 08:44:57,684:https://api.telegram.org:443 "GET /bot1805290445:AAHFP-k3E9NYKqK1X4rJQSmcLkjjsao-mVQ/getUpdates?offset=816444391&timeout=20 HTTP/1.1" 200 23
DEBUG:2021-06-30 08:45:17,753:https://api.telegram.org:443 "GET /bot1805290445:AAHFP-k3E9NYKqK1X4rJQSmcLkjjsao-mVQ/getUpdates?offset=816444391&timeout=20 HTTP/1.1" 200 23
DEBUG:2021-06-30 08:45:37,821:https://api.telegram.org:443 "GET /bot1805290445:AAHFP-k3E9NYKqK1X4rJQSmcLkjjsao-mVQ/getUpdates?offset=816444391&timeout=20 HTTP/1.1" 200 23
DEBUG:2021-06-30 08:45:42,005:https://api.telegram.org:443 "GET /bot1805290445:AAHFP-k3E9NYKqK1X4rJQSmcLkjjsao-mVQ/getUpdates?offset=816444391&timeout=20 HTTP/1.1" 200 310
DEBUG:2021-06-30 08:45:42,008:User: Sintixi entered time 9:30:00
DEBUG:2021-06-30 08:45:42,012:Converted retries value: 3 -> Retry(total=3, connect=None, read=None, redirect=None, status=None)
DEBUG:2021-06-30 08:45:42,017:Making request: POST https://oauth2.googleapis.com/token
DEBUG:2021-06-30 08:45:42,018:Starting new HTTPS connection (1): oauth2.googleapis.com:443
DEBUG:2021-06-30 08:45:42,304:https://oauth2.googleapis.com:443 "POST /token HTTP/1.1" 200 None
DEBUG:2021-06-30 08:45:42,309:Starting new HTTPS connection (1): sheets.googleapis.com:443
DEBUG:2021-06-30 08:45:43,097:https://sheets.googleapis.com:443 "GET /v4/spreadsheets/19fDDq9QyoN9aM-LnyCN7dbMynuD7yjMrvTSoizU_VZE?includeGridData=false HTTP/1.1" 200 None
DEBUG:2021-06-30 08:45:43,451:https://sheets.googleapis.com:443 "GET /v4/spreadsheets/19fDDq9QyoN9aM-LnyCN7dbMynuD7yjMrvTSoizU_VZE/values/%27June%27?valueRenderOption=FORMATTED_VALUE HTTP/1.1" 200 None
DEBUG:2021-06-30 08:45:43,899:https://sheets.googleapis.com:443 "PUT /v4/spreadsheets/19fDDq9QyoN9aM-LnyCN7dbMynuD7yjMrvTSoizU_VZE/values/%27June%27%21G35?valueInputOption=USER_ENTERED HTTP/1.1" 200 None
DEBUG:2021-06-30 08:45:43,903:Starting new HTTPS connection (1): api.telegram.org:443
DEBUG:2021-06-30 08:45:44,133:https://api.telegram.org:443 "POST /bot1805290445:AAHFP-k3E9NYKqK1X4rJQSmcLkjjsao-mVQ/sendMessage?chat_id=355574507&text=time+updated HTTP/1.1" 200 255
INFO:2021-06-30 08:45:44,133:time updated for user Sintixi
DEBUG:2021-06-30 08:46:02,074:https://api.telegram.org:443 "GET /bot1805290445:AAHFP-k3E9NYKqK1X4rJQSmcLkjjsao-mVQ/getUpdates?offset=816444392&timeout=20 HTTP/1.1" 200 23
DEBUG:2021-06-30 08:46:22,144:https://api.telegram.org:443 "GET /bot1805290445:AAHFP-k3E9NYKqK1X4rJQSmcLkjjsao-mVQ/getUpdates?offset=816444392&timeout=20 HTTP/1.1" 200 23
DEBUG:2021-06-30 08:46:42,213:https://api.telegram.org:443 "GET /bot1805290445:AAHFP-k3E9NYKqK1X4rJQSmcLkjjsao-mVQ/getUpdates?offset=816444392&timeout=20 HTTP/1.1" 200 23
DEBUG:2021-06-30 08:47:02,281:https://api.telegram.org:443 "GET /bot1805290445:AAHFP-k3E9NYKqK1X4rJQSmcLkjjsao-mVQ/getUpdates?offset=816444392&timeout=20 HTTP/1.1" 200 23
DEBUG:2021-06-30 08:47:22,348:https://api.telegram.org:443 "GET /bot1805290445:AAHFP-k3E9NYKqK1X4rJQSmcLkjjsao-mVQ/getUpdates?offset=816444392&timeout=20 HTTP/1.1" 200 23
DEBUG:2021-06-30 08:47:42,417:https://api.telegram.org:443 "GET /bot1805290445:AAHFP-k3E9NYKqK1X4rJQSmcLkjjsao-mVQ/getUpdates?offset=816444392&timeout=20 HTTP/1.1" 200 23
DEBUG:2021-06-30 08:48:02,485:https://api.telegram.org:443 "GET /bot1805290445:AAHFP-k3E9NYKqK1X4rJQSmcLkjjsao-mVQ/getUpdates?offset=816444392&timeout=20 HTTP/1.1" 200 23
DEBUG:2021-06-30 08:48:22,552:https://api.telegram.org:443 "GET /bot1805290445:AAHFP-k3E9NYKqK1X4rJQSmcLkjjsao-mVQ/getUpdates?offset=816444392&timeout=20 HTTP/1.1" 200 23
DEBUG:2021-06-30 08:48:42,620:https://api.telegram.org:443 "GET /bot1805290445:AAHFP-k3E9NYKqK1X4rJQSmcLkjjsao-mVQ/getUpdates?offset=816444392&timeout=20 HTTP/1.1" 200 23
DEBUG:2021-06-30 08:49:02,689:https://api.telegram.org:443 "GET /bot1805290445:AAHFP-k3E9NYKqK1X4rJQSmcLkjjsao-mVQ/getUpdates?offset=816444392&timeout=20 HTTP/1.1" 200 23
DEBUG:2021-06-30 08:49:22,757:https://api.telegram.org:443 "GET /bot1805290445:AAHFP-k3E9NYKqK1X4rJQSmcLkjjsao-mVQ/getUpdates?offset=816444392&timeout=20 HTTP/1.1" 200 23
DEBUG:2021-06-30 08:49:42,825:https://api.telegram.org:443 "GET /bot1805290445:AAHFP-k3E9NYKqK1X4rJQSmcLkjjsao-mVQ/getUpdates?offset=816444392&timeout=20 HTTP/1.1" 200 23
DEBUG:2021-06-30 08:50:02,892:https://api.telegram.org:443 "GET /bot1805290445:AAHFP-k3E9NYKqK1X4rJQSmcLkjjsao-mVQ/getUpdates?offset=816444392&timeout=20 HTTP/1.1" 200 23
DEBUG:2021-06-30 08:50:22,960:https://api.telegram.org:443 "GET /bot1805290445:AAHFP-k3E9NYKqK1X4rJQSmcLkjjsao-mVQ/getUpdates?offset=816444392&timeout=20 HTTP/1.1" 200 23
DEBUG:2021-06-30 08:50:43,027:https://api.telegram.org:443 "GET /bot1805290445:AAHFP-k3E9NYKqK1X4rJQSmcLkjjsao-mVQ/getUpdates?offset=816444392&timeout=20 HTTP/1.1" 200 23
DEBUG:2021-06-30 08:51:03,097:https://api.telegram.org:443 "GET /bot1805290445:AAHFP-k3E9NYKqK1X4rJQSmcLkjjsao-mVQ/getUpdates?offset=816444392&timeout=20 HTTP/1.1" 200 23
DEBUG:2021-06-30 08:51:23,165:https://api.telegram.org:443 "GET /bot1805290445:AAHFP-k3E9NYKqK1X4rJQSmcLkjjsao-mVQ/getUpdates?offset=816444392&timeout=20 HTTP/1.1" 200 23
DEBUG:2021-06-30 08:51:43,246:https://api.telegram.org:443 "GET /bot1805290445:AAHFP-k3E9NYKqK1X4rJQSmcLkjjsao-mVQ/getUpdates?offset=816444392&timeout=20 HTTP/1.1" 200 23
DEBUG:2021-06-30 08:52:03,313:https://api.telegram.org:443 "GET /bot1805290445:AAHFP-k3E9NYKqK1X4rJQSmcLkjjsao-mVQ/getUpdates?offset=816444392&timeout=20 HTTP/1.1" 200 23
DEBUG:2021-06-30 08:52:23,381:https://api.telegram.org:443 "GET /bot1805290445:AAHFP-k3E9NYKqK1X4rJQSmcLkjjsao-mVQ/getUpdates?offset=816444392&timeout=20 HTTP/1.1" 200 23
DEBUG:2021-06-30 08:52:43,452:https://api.telegram.org:443 "GET /bot1805290445:AAHFP-k3E9NYKqK1X4rJQSmcLkjjsao-mVQ/getUpdates?offset=816444392&timeout=20 HTTP/1.1" 200 23
DEBUG:2021-06-30 08:53:03,523:https://api.telegram.org:443 "GET /bot1805290445:AAHFP-k3E9NYKqK1X4rJQSmcLkjjsao-mVQ/getUpdates?offset=816444392&timeout=20 HTTP/1.1" 200 23
DEBUG:2021-06-30 08:53:23,590:https://api.telegram.org:443 "GET /bot1805290445:AAHFP-k3E9NYKqK1X4rJQSmcLkjjsao-mVQ/getUpdates?offset=816444392&timeout=20 HTTP/1.1" 200 23
DEBUG:2021-06-30 08:53:43,659:https://api.telegram.org:443 "GET /bot1805290445:AAHFP-k3E9NYKqK1X4rJQSmcLkjjsao-mVQ/getUpdates?offset=816444392&timeout=20 HTTP/1.1" 200 23
DEBUG:2021-06-30 08:54:03,726:https://api.telegram.org:443 "GET /bot1805290445:AAHFP-k3E9NYKqK1X4rJQSmcLkjjsao-mVQ/getUpdates?offset=816444392&timeout=20 HTTP/1.1" 200 23
DEBUG:2021-06-30 08:54:23,793:https://api.telegram.org:443 "GET /bot1805290445:AAHFP-k3E9NYKqK1X4rJQSmcLkjjsao-mVQ/getUpdates?offset=816444392&timeout=20 HTTP/1.1" 200 23
DEBUG:2021-06-30 08:54:43,861:https://api.telegram.org:443 "GET /bot1805290445:AAHFP-k3E9NYKqK1X4rJQSmcLkjjsao-mVQ/getUpdates?offset=816444392&timeout=20 HTTP/1.1" 200 23
DEBUG:2021-06-30 08:55:03,930:https://api.telegram.org:443 "GET /bot1805290445:AAHFP-k3E9NYKqK1X4rJQSmcLkjjsao-mVQ/getUpdates?offset=816444392&timeout=20 HTTP/1.1" 200 23
DEBUG:2021-06-30 08:55:23,998:https://api.telegram.org:443 "GET /bot1805290445:AAHFP-k3E9NYKqK1X4rJQSmcLkjjsao-mVQ/getUpdates?offset=816444392&timeout=20 HTTP/1.1" 200 23
DEBUG:2021-06-30 08:55:44,069:https://api.telegram.org:443 "GET /bot1805290445:AAHFP-k3E9NYKqK1X4rJQSmcLkjjsao-mVQ/getUpdates?offset=816444392&timeout=20 HTTP/1.1" 200 23
DEBUG:2021-06-30 08:56:04,137:https://api.telegram.org:443 "GET /bot1805290445:AAHFP-k3E9NYKqK1X4rJQSmcLkjjsao-mVQ/getUpdates?offset=816444392&timeout=20 HTTP/1.1" 200 23
DEBUG:2021-06-30 08:56:24,292:https://api.telegram.org:443 "GET /bot1805290445:AAHFP-k3E9NYKqK1X4rJQSmcLkjjsao-mVQ/getUpdates?offset=816444392&timeout=20 HTTP/1.1" 200 23
DEBUG:2021-06-30 08:56:44,360:https://api.telegram.org:443 "GET /bot1805290445:AAHFP-k3E9NYKqK1X4rJQSmcLkjjsao-mVQ/getUpdates?offset=816444392&timeout=20 HTTP/1.1" 200 23
DEBUG:2021-06-30 08:57:04,428:https://api.telegram.org:443 "GET /bot1805290445:AAHFP-k3E9NYKqK1X4rJQSmcLkjjsao-mVQ/getUpdates?offset=816444392&timeout=20 HTTP/1.1" 200 23
DEBUG:2021-06-30 08:57:24,497:https://api.telegram.org:443 "GET /bot1805290445:AAHFP-k3E9NYKqK1X4rJQSmcLkjjsao-mVQ/getUpdates?offset=816444392&timeout=20 HTTP/1.1" 200 23
DEBUG:2021-06-30 08:57:44,565:https://api.telegram.org:443 "GET /bot1805290445:AAHFP-k3E9NYKqK1X4rJQSmcLkjjsao-mVQ/getUpdates?offset=816444392&timeout=20 HTTP/1.1" 200 23
DEBUG:2021-06-30 08:58:04,636:https://api.telegram.org:443 "GET /bot1805290445:AAHFP-k3E9NYKqK1X4rJQSmcLkjjsao-mVQ/getUpdates?offset=816444392&timeout=20 HTTP/1.1" 200 23
