DEBUG:2021-06-30 08:23:31,859:users list loaded to cache: {'ByteDevil': 'Nick Levin', 'Sintixi': 'Daniel Shatz'}
DEBUG:2021-06-30 08:23:31,859:secret loaded to cache: 1805290445:AAHFP-k3E9NYKqK1X4rJQSmcLkjjsao-mVQ
DEBUG:2021-06-30 08:23:31,861:Starting new HTTPS connection (1): api.telegram.org:443
DEBUG:2021-06-30 08:23:52,067:https://api.telegram.org:443 "GET /bot1805290445:AAHFP-k3E9NYKqK1X4rJQSmcLkjjsao-mVQ/getUpdates?offset=1&timeout=20 HTTP/1.1" 200 23
DEBUG:2021-06-30 08:24:12,139:https://api.telegram.org:443 "GET /bot1805290445:AAHFP-k3E9NYKqK1X4rJQSmcLkjjsao-mVQ/getUpdates?offset=1&timeout=20 HTTP/1.1" 200 23
DEBUG:2021-06-30 08:24:14,925:https://api.telegram.org:443 "GET /bot1805290445:AAHFP-k3E9NYKqK1X4rJQSmcLkjjsao-mVQ/getUpdates?offset=1&timeout=20 HTTP/1.1" 200 302
DEBUG:2021-06-30 08:24:14,930:User: ByteDevil entered time 9:00:00
DEBUG:2021-06-30 08:24:14,931:Converted retries value: 3 -> Retry(total=3, connect=None, read=None, redirect=None, status=None)
DEBUG:2021-06-30 08:24:14,932:Making request: POST https://oauth2.googleapis.com/token
DEBUG:2021-06-30 08:24:14,933:Starting new HTTPS connection (1): oauth2.googleapis.com:443
DEBUG:2021-06-30 08:24:15,170:https://oauth2.googleapis.com:443 "POST /token HTTP/1.1" 200 None
DEBUG:2021-06-30 08:24:15,174:Starting new HTTPS connection (1): sheets.googleapis.com:443
DEBUG:2021-06-30 08:24:20,901:https://sheets.googleapis.com:443 "GET /v4/spreadsheets/19fDDq9QyoN9aM-LnyCN7dbMynuD7yjMrvTSoizU_VZE?includeGridData=false HTTP/1.1" 200 None
DEBUG:2021-06-30 08:24:21,280:https://sheets.googleapis.com:443 "GET /v4/spreadsheets/19fDDq9QyoN9aM-LnyCN7dbMynuD7yjMrvTSoizU_VZE/values/%27June%27?valueRenderOption=FORMATTED_VALUE HTTP/1.1" 200 None
DEBUG:2021-06-30 08:24:21,659:https://sheets.googleapis.com:443 "PUT /v4/spreadsheets/19fDDq9QyoN9aM-LnyCN7dbMynuD7yjMrvTSoizU_VZE/values/%27June%27%21E35?valueInputOption=USER_ENTERED HTTP/1.1" 200 None
DEBUG:2021-06-30 08:24:21,664:Starting new HTTPS connection (1): api.telegram.org:443
DEBUG:2021-06-30 08:24:21,878:https://api.telegram.org:443 "POST /bot1805290445:AAHFP-k3E9NYKqK1X4rJQSmcLkjjsao-mVQ/sendMessage?chat_id=324439953&text=time+updated HTTP/1.1" 200 251
INFO:2021-06-30 08:24:21,879:time updated for user ByteDevil
DEBUG:2021-06-30 08:24:34,995:https://api.telegram.org:443 "GET /bot1805290445:AAHFP-k3E9NYKqK1X4rJQSmcLkjjsao-mVQ/getUpdates?offset=816444384&timeout=20 HTTP/1.1" 200 23
DEBUG:2021-06-30 08:24:53,932:https://api.telegram.org:443 "GET /bot1805290445:AAHFP-k3E9NYKqK1X4rJQSmcLkjjsao-mVQ/getUpdates?offset=816444384&timeout=20 HTTP/1.1" 200 306
DEBUG:2021-06-30 08:25:09,464:https://api.telegram.org:443 "GET /bot1805290445:AAHFP-k3E9NYKqK1X4rJQSmcLkjjsao-mVQ/getUpdates?offset=816444385&timeout=20 HTTP/1.1" 200 303
DEBUG:2021-06-30 08:25:20,793:https://api.telegram.org:443 "GET /bot1805290445:AAHFP-k3E9NYKqK1X4rJQSmcLkjjsao-mVQ/getUpdates?offset=816444386&timeout=20 HTTP/1.1" 200 302
DEBUG:2021-06-30 08:25:20,796:User: ByteDevil entered time 8:00:00
DEBUG:2021-06-30 08:25:20,799:Converted retries value: 3 -> Retry(total=3, connect=None, read=None, redirect=None, status=None)
DEBUG:2021-06-30 08:25:20,799:Making request: POST https://oauth2.googleapis.com/token
DEBUG:2021-06-30 08:25:20,800:Starting new HTTPS connection (1): oauth2.googleapis.com:443
DEBUG:2021-06-30 08:25:21,030:https://oauth2.googleapis.com:443 "POST /token HTTP/1.1" 200 None
DEBUG:2021-06-30 08:25:21,035:Starting new HTTPS connection (1): sheets.googleapis.com:443
DEBUG:2021-06-30 08:25:21,724:https://sheets.googleapis.com:443 "GET /v4/spreadsheets/19fDDq9QyoN9aM-LnyCN7dbMynuD7yjMrvTSoizU_VZE?includeGridData=false HTTP/1.1" 200 None
DEBUG:2021-06-30 08:25:22,081:https://sheets.googleapis.com:443 "GET /v4/spreadsheets/19fDDq9QyoN9aM-LnyCN7dbMynuD7yjMrvTSoizU_VZE/values/%27June%27?valueRenderOption=FORMATTED_VALUE HTTP/1.1" 200 None
DEBUG:2021-06-30 08:25:22,449:https://sheets.googleapis.com:443 "PUT /v4/spreadsheets/19fDDq9QyoN9aM-LnyCN7dbMynuD7yjMrvTSoizU_VZE/values/%27June%27%21E35?valueInputOption=USER_ENTERED HTTP/1.1" 200 None
DEBUG:2021-06-30 08:25:22,454:Starting new HTTPS connection (1): api.telegram.org:443
DEBUG:2021-06-30 08:25:22,798:https://api.telegram.org:443 "POST /bot1805290445:AAHFP-k3E9NYKqK1X4rJQSmcLkjjsao-mVQ/sendMessage?chat_id=324439953&text=time+updated HTTP/1.1" 200 251
INFO:2021-06-30 08:25:22,799:time updated for user ByteDevil
DEBUG:2021-06-30 08:25:40,862:https://api.telegram.org:443 "GET /bot1805290445:AAHFP-k3E9NYKqK1X4rJQSmcLkjjsao-mVQ/getUpdates?offset=816444387&timeout=20 HTTP/1.1" 200 23
DEBUG:2021-06-30 08:25:44,947:https://api.telegram.org:443 "GET /bot1805290445:AAHFP-k3E9NYKqK1X4rJQSmcLkjjsao-mVQ/getUpdates?offset=816444387&timeout=20 HTTP/1.1" 200 302
DEBUG:2021-06-30 08:25:44,949:User: ByteDevil entered time 9:00:00
DEBUG:2021-06-30 08:25:44,956:Converted retries value: 3 -> Retry(total=3, connect=None, read=None, redirect=None, status=None)
DEBUG:2021-06-30 08:25:44,959:Making request: POST https://oauth2.googleapis.com/token
DEBUG:2021-06-30 08:25:44,959:Starting new HTTPS connection (1): oauth2.googleapis.com:443
DEBUG:2021-06-30 08:25:45,188:https://oauth2.googleapis.com:443 "POST /token HTTP/1.1" 200 None
DEBUG:2021-06-30 08:25:45,193:Starting new HTTPS connection (1): sheets.googleapis.com:443
DEBUG:2021-06-30 08:25:45,691:https://sheets.googleapis.com:443 "GET /v4/spreadsheets/19fDDq9QyoN9aM-LnyCN7dbMynuD7yjMrvTSoizU_VZE?includeGridData=false HTTP/1.1" 200 None
DEBUG:2021-06-30 08:25:46,043:https://sheets.googleapis.com:443 "GET /v4/spreadsheets/19fDDq9QyoN9aM-LnyCN7dbMynuD7yjMrvTSoizU_VZE/values/%27June%27?valueRenderOption=FORMATTED_VALUE HTTP/1.1" 200 None
DEBUG:2021-06-30 08:25:46,424:https://sheets.googleapis.com:443 "PUT /v4/spreadsheets/19fDDq9QyoN9aM-LnyCN7dbMynuD7yjMrvTSoizU_VZE/values/%27June%27%21E35?valueInputOption=USER_ENTERED HTTP/1.1" 200 None
DEBUG:2021-06-30 08:25:46,563:https://api.telegram.org:443 "POST /bot1805290445:AAHFP-k3E9NYKqK1X4rJQSmcLkjjsao-mVQ/sendMessage?chat_id=324439953&text=time+updated HTTP/1.1" 200 251
INFO:2021-06-30 08:25:46,563:time updated for user ByteDevil
DEBUG:2021-06-30 08:26:05,020:https://api.telegram.org:443 "GET /bot1805290445:AAHFP-k3E9NYKqK1X4rJQSmcLkjjsao-mVQ/getUpdates?offset=816444388&timeout=20 HTTP/1.1" 200 23
DEBUG:2021-06-30 08:26:25,091:https://api.telegram.org:443 "GET /bot1805290445:AAHFP-k3E9NYKqK1X4rJQSmcLkjjsao-mVQ/getUpdates?offset=816444388&timeout=20 HTTP/1.1" 200 23
DEBUG:2021-06-30 08:26:45,160:https://api.telegram.org:443 "GET /bot1805290445:AAHFP-k3E9NYKqK1X4rJQSmcLkjjsao-mVQ/getUpdates?offset=816444388&timeout=20 HTTP/1.1" 200 23
DEBUG:2021-06-30 08:27:05,231:https://api.telegram.org:443 "GET /bot1805290445:AAHFP-k3E9NYKqK1X4rJQSmcLkjjsao-mVQ/getUpdates?offset=816444388&timeout=20 HTTP/1.1" 200 23
DEBUG:2021-06-30 08:27:25,301:https://api.telegram.org:443 "GET /bot1805290445:AAHFP-k3E9NYKqK1X4rJQSmcLkjjsao-mVQ/getUpdates?offset=816444388&timeout=20 HTTP/1.1" 200 23
DEBUG:2021-06-30 08:27:45,370:https://api.telegram.org:443 "GET /bot1805290445:AAHFP-k3E9NYKqK1X4rJQSmcLkjjsao-mVQ/getUpdates?offset=816444388&timeout=20 HTTP/1.1" 200 23
DEBUG:2021-06-30 08:28:05,440:https://api.telegram.org:443 "GET /bot1805290445:AAHFP-k3E9NYKqK1X4rJQSmcLkjjsao-mVQ/getUpdates?offset=816444388&timeout=20 HTTP/1.1" 200 23
DEBUG:2021-06-30 08:28:25,506:https://api.telegram.org:443 "GET /bot1805290445:AAHFP-k3E9NYKqK1X4rJQSmcLkjjsao-mVQ/getUpdates?offset=816444388&timeout=20 HTTP/1.1" 200 23
DEBUG:2021-06-30 08:28:45,575:https://api.telegram.org:443 "GET /bot1805290445:AAHFP-k3E9NYKqK1X4rJQSmcLkjjsao-mVQ/getUpdates?offset=816444388&timeout=20 HTTP/1.1" 200 23
DEBUG:2021-06-30 08:29:05,644:https://api.telegram.org:443 "GET /bot1805290445:AAHFP-k3E9NYKqK1X4rJQSmcLkjjsao-mVQ/getUpdates?offset=816444388&timeout=20 HTTP/1.1" 200 23
